{"level":"info","message":"⌛ Validating test.wtest","timeElapsed":241,"timestamp":"2024-08-26T22:40:18.472Z"}
{"level":"info","message":"⌛ Building environment","timeElapsed":139,"timestamp":"2024-08-26T22:40:18.613Z"}
{"level":"info","message":"⌛ Building environment","timeElapsed":189,"timestamp":"2024-08-26T22:40:18.809Z"}
{"level":"info","message":"⌛ Validating test.wtest","timeElapsed":267,"timestamp":"2024-08-26T22:40:19.079Z"}
{"level":"info","message":"⌛ Building environment","timeElapsed":143,"timestamp":"2024-08-26T22:40:19.225Z"}
{"level":"info","message":"⌛ Building environment","timeElapsed":197,"timestamp":"2024-08-26T22:40:19.424Z"}
{"level":"info","message":"⌛ Building environment","timeElapsed":358,"timestamp":"2024-08-26T22:40:19.787Z"}
{"level":"info","message":"⌛ Validating test.wtest","timeElapsed":306,"timestamp":"2024-08-26T22:40:20.129Z"}
{"level":"info","message":"⌛ Validating test.wtest","timeElapsed":322,"timestamp":"2024-08-26T22:40:20.456Z"}
{"level":"info","message":"⌛ Validating test.wtest","timeElapsed":276,"timestamp":"2024-08-26T22:40:20.733Z"}
{"level":"info","message":"⌛ Validating test.wtest","timeElapsed":185,"timestamp":"2024-08-26T22:40:20.988Z"}
{"level":"info","message":"⌛ Validating test.wtest","timeElapsed":222,"timestamp":"2024-08-26T22:40:21.233Z"}
{"failures":[{"error":["wollok.lib.AssertionException: Expected <50> but found <10>","  at test.\"Testeo\".\"Velocidad Maxima tom\" [test.wtest:5]"],"test":"test.\"Testeo\".\"Velocidad Maxima tom\""},{"error":["wollok.lib.AssertionException: Expected <102> but found <11.6>","  at test.\"Testeo\".\"Tom come y commer\" [test.wtest:8]"],"test":"test.\"Testeo\".\"Tom come y commer\""},{"error":["wollok.lib.AssertionException: Expected <18.7> but found <14.7>","  at test.\"Testeo\".\"Nibbles  y velocidad\" [test.wtest:14]"],"test":"test.\"Testeo\".\"Nibbles  y velocidad\""},{"error":["wollok.lib.AssertionException: Expected <25.9> but found <11.8>","  at test.\"Testeo\".\"jerry cumplea años y tom se lo comer y corre\" [test.wtest:18]"],"test":"test.\"Testeo\".\"jerry cumplea años y tom se lo comer y corre\""}],"level":"info","message":"🧪 Test runner executed on c:\\Users\\publico\\Desktop\\Wollok\\2024s2-tomyjerry-EliasR19","result":{"failed":4,"ok":0},"timeElapsed":1314,"timestamp":"2024-08-26T22:40:24.905Z"}
{"level":"info","message":"⌛ Building environment","timeElapsed":228,"timestamp":"2024-08-26T22:40:47.279Z"}
{"level":"info","message":"⌛ Building environment","timeElapsed":134,"timestamp":"2024-08-26T22:40:47.413Z"}
{"level":"info","message":"⌛ Validating test.wtest","timeElapsed":161,"timestamp":"2024-08-26T22:40:47.587Z"}
{"level":"info","message":"⌛ Validating test.wtest","timeElapsed":185,"timestamp":"2024-08-26T22:40:47.774Z"}
{"failures":[{"error":["wollok.lib.AssertionException: Expected <102> but found <11.6>","  at test.\"Testeo\".\"Tom come y commer\" [test.wtest:8]"],"test":"test.\"Testeo\".\"Tom come y commer\""},{"error":["wollok.lib.AssertionException: Expected <18.7> but found <14.7>","  at test.\"Testeo\".\"Nibbles  y velocidad\" [test.wtest:14]"],"test":"test.\"Testeo\".\"Nibbles  y velocidad\""},{"error":["wollok.lib.AssertionException: Expected <25.9> but found <11.8>","  at test.\"Testeo\".\"jerry cumplea años y tom se lo comer y corre\" [test.wtest:18]"],"test":"test.\"Testeo\".\"jerry cumplea años y tom se lo comer y corre\""}],"level":"info","message":"🧪 Test runner executed on c:\\Users\\publico\\Desktop\\Wollok\\2024s2-tomyjerry-EliasR19","result":{"failed":3,"ok":1},"timeElapsed":1304,"timestamp":"2024-08-26T22:41:02.674Z"}
{"level":"info","message":"⌛ Building environment","timeElapsed":250,"timestamp":"2024-08-26T22:41:37.771Z"}
{"level":"info","message":"⌛ Validating test.wtest","timeElapsed":256,"timestamp":"2024-08-26T22:41:38.032Z"}
{"level":"info","message":"⌛ Building environment","timeElapsed":328,"timestamp":"2024-08-26T22:41:39.535Z"}
{"level":"info","message":"⌛ Validating test.wtest","timeElapsed":243,"timestamp":"2024-08-26T22:41:39.863Z"}
{"level":"info","message":"⌛ Building environment","timeElapsed":234,"timestamp":"2024-08-26T22:41:41.838Z"}
{"level":"info","message":"⌛ Building environment","timeElapsed":157,"timestamp":"2024-08-26T22:41:41.998Z"}
{"level":"info","message":"⌛ Validating test.wtest","timeElapsed":281,"timestamp":"2024-08-26T22:41:42.338Z"}
{"level":"info","message":"⌛ Validating test.wtest","timeElapsed":177,"timestamp":"2024-08-26T22:41:42.529Z"}
{"level":"info","message":"⌛ Building environment","timeElapsed":513,"timestamp":"2024-08-26T22:41:43.044Z"}
{"level":"info","message":"⌛ Building environment","timeElapsed":172,"timestamp":"2024-08-26T22:41:43.269Z"}
{"level":"info","message":"⌛ Validating test.wtest","timeElapsed":233,"timestamp":"2024-08-26T22:41:43.594Z"}
{"level":"info","message":"⌛ Validating test.wtest","timeElapsed":245,"timestamp":"2024-08-26T22:41:43.840Z"}
{"failures":[{"error":["wollok.lib.AssertionException: Expected <15.2> but found <11.6>","  at test.\"Testeo\".\"Tom come y commer\" [test.wtest:8]"],"test":"test.\"Testeo\".\"Tom come y commer\""}],"level":"info","message":"🧪 Test runner executed on c:\\Users\\publico\\Desktop\\Wollok\\2024s2-tomyjerry-EliasR19","result":{"failed":1,"ok":0},"timeElapsed":943,"timestamp":"2024-08-26T22:42:07.185Z"}
{"level":"info","message":"⌛ Building environment","timeElapsed":273,"timestamp":"2024-08-26T22:42:25.747Z"}
{"level":"info","message":"⌛ Validating tomyjerry.wlk","timeElapsed":254,"timestamp":"2024-08-26T22:42:26.014Z"}
{"failures":[{"error":["wollok.lib.AssertionException: Expected <15.2> but found <11.6>","  at test.\"Testeo\".\"Tom come y commer\" [test.wtest:8]"],"test":"test.\"Testeo\".\"Tom come y commer\""}],"level":"info","message":"🧪 Test runner executed on c:\\Users\\publico\\Desktop\\Wollok\\2024s2-tomyjerry-EliasR19","result":{"failed":1,"ok":0},"timeElapsed":1437,"timestamp":"2024-08-26T22:42:32.451Z"}
{"level":"info","message":"⌛ Building environment","timeElapsed":280,"timestamp":"2024-08-26T22:42:39.854Z"}
{"level":"info","message":"⌛ Building environment","timeElapsed":171,"timestamp":"2024-08-26T22:42:40.030Z"}
{"level":"info","message":"⌛ Validating test.wtest","timeElapsed":240,"timestamp":"2024-08-26T22:42:40.277Z"}
{"level":"info","message":"⌛ Validating test.wtest","timeElapsed":178,"timestamp":"2024-08-26T22:42:40.461Z"}
{"level":"info","message":"⌛ Building environment","timeElapsed":247,"timestamp":"2024-08-26T22:42:40.744Z"}
{"level":"info","message":"⌛ Validating test.wtest","timeElapsed":240,"timestamp":"2024-08-26T22:42:41.027Z"}
{"level":"info","message":"onRequest - completionItem/resolve","timestamp":"2024-08-26T22:42:41.030Z"}
{"level":"info","message":"⌛ Building environment","timeElapsed":182,"timestamp":"2024-08-26T22:42:42.335Z"}
{"level":"info","message":"⌛ Validating test.wtest","timeElapsed":190,"timestamp":"2024-08-26T22:42:42.544Z"}
{"level":"info","message":"⌛ Building environment","timeElapsed":260,"timestamp":"2024-08-26T22:42:52.368Z"}
{"level":"info","message":"⌛ Building environment","timeElapsed":190,"timestamp":"2024-08-26T22:42:52.566Z"}
{"level":"info","message":"⌛ Validating test.wtest","timeElapsed":289,"timestamp":"2024-08-26T22:42:52.857Z"}
{"level":"info","message":"⌛ Building environment","timeElapsed":135,"timestamp":"2024-08-26T22:42:52.995Z"}
{"level":"info","message":"⌛ Validating test.wtest","timeElapsed":338,"timestamp":"2024-08-26T22:42:53.378Z"}
{"level":"info","message":"⌛ Building environment","timeElapsed":246,"timestamp":"2024-08-26T22:42:53.630Z"}
{"level":"info","message":"⌛ Validating test.wtest","timeElapsed":234,"timestamp":"2024-08-26T22:42:53.920Z"}
{"level":"info","message":"⌛ Validating test.wtest","timeElapsed":229,"timestamp":"2024-08-26T22:42:54.192Z"}
{"failures":[{"error":["wollok.lib.AssertionException: Expected <15.2> but found <11.6>","  at test.\"Testeo\".\"Tom come y commer\" [test.wtest:8]"],"test":"test.\"Testeo\".\"Tom come y commer\""}],"level":"info","message":"🧪 Test runner executed on c:\\Users\\publico\\Desktop\\Wollok\\2024s2-tomyjerry-EliasR19","result":{"failed":1,"ok":0},"timeElapsed":1010,"timestamp":"2024-08-26T22:43:03.300Z"}
{"level":"info","message":"⌛ Building environment","timeElapsed":278,"timestamp":"2024-08-26T22:43:44.413Z"}
{"level":"info","message":"⌛ Validating tomyjerry.wlk","timeElapsed":236,"timestamp":"2024-08-26T22:43:44.666Z"}
{"level":"info","message":"⌛ Building environment","timeElapsed":197,"timestamp":"2024-08-26T22:43:45.647Z"}
{"level":"info","message":"⌛ Validating tomyjerry.wlk","timeElapsed":315,"timestamp":"2024-08-26T22:43:45.966Z"}
{"failures":[],"level":"info","message":"🧪 Test runner executed on c:\\Users\\publico\\Desktop\\Wollok\\2024s2-tomyjerry-EliasR19","result":{"failed":0,"ok":1},"timeElapsed":875,"timestamp":"2024-08-26T22:43:50.929Z"}
{"failures":[{"error":["wollok.lib.AssertionException: Expected <18.7> but found <14.7>","  at test.\"Testeo\".\"Nibbles  y velocidad\" [test.wtest:14]"],"test":"test.\"Testeo\".\"Nibbles  y velocidad\""},{"error":["wollok.lib.AssertionException: Expected <25.9> but found <17.2>","  at test.\"Testeo\".\"jerry cumplea años y tom se lo comer y corre\" [test.wtest:18]"],"test":"test.\"Testeo\".\"jerry cumplea años y tom se lo comer y corre\""}],"level":"info","message":"🧪 Test runner executed on c:\\Users\\publico\\Desktop\\Wollok\\2024s2-tomyjerry-EliasR19","result":{"failed":2,"ok":2},"timeElapsed":1061,"timestamp":"2024-08-26T22:43:56.924Z"}
{"level":"info","message":"⌛ Building environment","timeElapsed":225,"timestamp":"2024-08-26T22:49:07.186Z"}
{"level":"info","message":"⌛ Validating test.wtest","timeElapsed":194,"timestamp":"2024-08-26T22:49:07.383Z"}
{"level":"info","message":"⌛ Building environment","timeElapsed":272,"timestamp":"2024-08-26T22:49:08.215Z"}
{"level":"info","message":"⌛ Building environment","timeElapsed":203,"timestamp":"2024-08-26T22:49:08.470Z"}
{"level":"info","message":"⌛ Validating test.wtest","timeElapsed":255,"timestamp":"2024-08-26T22:49:08.726Z"}
{"level":"info","message":"onRequest - completionItem/resolve","timestamp":"2024-08-26T22:49:08.732Z"}
{"level":"info","message":"⌛ Building environment","timeElapsed":194,"timestamp":"2024-08-26T22:49:08.926Z"}
{"level":"info","message":"onRequest - completionItem/resolve","timestamp":"2024-08-26T22:49:08.984Z"}
{"level":"info","message":"⌛ Validating test.wtest","timeElapsed":273,"timestamp":"2024-08-26T22:49:09.257Z"}
{"level":"info","message":"⌛ Building environment","timeElapsed":186,"timestamp":"2024-08-26T22:49:09.444Z"}
{"level":"info","message":"onRequest - completionItem/resolve","timestamp":"2024-08-26T22:49:09.446Z"}
{"level":"info","message":"⌛ Validating test.wtest","timeElapsed":193,"timestamp":"2024-08-26T22:49:09.649Z"}
{"level":"info","message":"onRequest - completionItem/resolve","timestamp":"2024-08-26T22:49:09.651Z"}
{"level":"info","message":"⌛ Building environment","timeElapsed":160,"timestamp":"2024-08-26T22:49:09.814Z"}
{"level":"info","message":"⌛ Validating test.wtest","timeElapsed":279,"timestamp":"2024-08-26T22:49:10.284Z"}
{"level":"info","message":"⌛ Building environment","timeElapsed":189,"timestamp":"2024-08-26T22:49:10.477Z"}
{"level":"info","message":"⌛ Validating test.wtest","timeElapsed":222,"timestamp":"2024-08-26T22:49:10.751Z"}
{"level":"info","message":"⌛ Building environment","timeElapsed":246,"timestamp":"2024-08-26T22:49:11.002Z"}
{"level":"info","message":"⌛ Building environment","timeElapsed":373,"timestamp":"2024-08-26T22:49:11.383Z"}
{"level":"info","message":"⌛ Validating test.wtest","timeElapsed":389,"timestamp":"2024-08-26T22:49:11.773Z"}
{"level":"info","message":"onRequest - completionItem/resolve","timestamp":"2024-08-26T22:49:11.775Z"}
{"level":"info","message":"⌛ Building environment","timeElapsed":157,"timestamp":"2024-08-26T22:49:11.945Z"}
{"level":"info","message":"onRequest - completionItem/resolve","timestamp":"2024-08-26T22:49:11.948Z"}
{"level":"info","message":"⌛ Validating test.wtest","timeElapsed":174,"timestamp":"2024-08-26T22:49:12.123Z"}
{"level":"info","message":"⌛ Building environment","timeElapsed":167,"timestamp":"2024-08-26T22:49:12.292Z"}
{"level":"info","message":"onRequest - completionItem/resolve","timestamp":"2024-08-26T22:49:12.298Z"}
{"level":"info","message":"⌛ Building environment","timeElapsed":139,"timestamp":"2024-08-26T22:49:12.438Z"}
{"level":"info","message":"onRequest - completionItem/resolve","timestamp":"2024-08-26T22:49:12.443Z"}
{"level":"info","message":"⌛ Validating test.wtest","timeElapsed":176,"timestamp":"2024-08-26T22:49:12.634Z"}
{"level":"info","message":"⌛ Validating test.wtest","timeElapsed":200,"timestamp":"2024-08-26T22:49:12.837Z"}
{"level":"info","message":"⌛ Validating test.wtest","timeElapsed":174,"timestamp":"2024-08-26T22:49:13.012Z"}
{"level":"info","message":"⌛ Validating test.wtest","timeElapsed":203,"timestamp":"2024-08-26T22:49:13.219Z"}
{"level":"info","message":"onRequest - completionItem/resolve","timestamp":"2024-08-26T22:49:13.248Z"}
{"level":"info","message":"⌛ Building environment","timeElapsed":161,"timestamp":"2024-08-26T22:49:13.670Z"}
{"level":"info","message":"⌛ Validating test.wtest","timeElapsed":185,"timestamp":"2024-08-26T22:49:13.872Z"}
{"level":"info","message":"⌛ Building environment","timeElapsed":189,"timestamp":"2024-08-26T22:49:20.139Z"}
{"level":"info","message":"⌛ Building environment","timeElapsed":144,"timestamp":"2024-08-26T22:49:20.285Z"}
{"level":"info","message":"⌛ Validating test.wtest","timeElapsed":165,"timestamp":"2024-08-26T22:49:20.452Z"}
{"level":"info","message":"⌛ Validating test.wtest","timeElapsed":203,"timestamp":"2024-08-26T22:49:20.656Z"}
{"level":"info","message":"⌛ Building environment","timeElapsed":244,"timestamp":"2024-08-26T22:49:22.700Z"}
{"level":"error","message":"✘ Completions for node failed: Error: [Send]{b74871} at test.wtest:15 exhausted all cases without a match [Send]{b74871} at test.wtest:15 exhausted all cases without a match","stack":"Error: [Send]{b74871} at test.wtest:15 exhausted all cases without a match\n    at c:\\Users\\publico\\.vscode\\extensions\\uqbar.wollok-lsp-ide-0.3.3\\node_modules\\wollok-ts\\dist\\extensions.js:85:11\n    at completionsForNode (c:\\Users\\publico\\.vscode\\extensions\\uqbar.wollok-lsp-ide-0.3.3\\server\\out\\functionalities\\autocomplete\\node-completion.js:10:44)\n    at completeForParent (c:\\Users\\publico\\.vscode\\extensions\\uqbar.wollok-lsp-ide-0.3.3\\server\\out\\functionalities\\autocomplete\\node-completion.js:56:43)\n    at completeReference (c:\\Users\\publico\\.vscode\\extensions\\uqbar.wollok-lsp-ide-0.3.3\\server\\out\\functionalities\\autocomplete\\node-completion.js:64:135)\n    at c:\\Users\\publico\\.vscode\\extensions\\uqbar.wollok-lsp-ide-0.3.3\\node_modules\\wollok-ts\\dist\\extensions.js:84:20\n    at completionsForNode (c:\\Users\\publico\\.vscode\\extensions\\uqbar.wollok-lsp-ide-0.3.3\\server\\out\\functionalities\\autocomplete\\node-completion.js:10:44)\n    at c:\\Users\\publico\\.vscode\\extensions\\uqbar.wollok-lsp-ide-0.3.3\\server\\out\\functionalities\\autocomplete\\autocomplete.js:26:154\n    at c:\\Users\\publico\\.vscode\\extensions\\uqbar.wollok-lsp-ide-0.3.3\\server\\out\\server.js:198:20\n    at c:\\Users\\publico\\.vscode\\extensions\\uqbar.wollok-lsp-ide-0.3.3\\server\\node_modules\\vscode-languageserver\\lib\\common\\server.js:593:20\n    at handleRequest (c:\\Users\\publico\\.vscode\\extensions\\uqbar.wollok-lsp-ide-0.3.3\\server\\node_modules\\vscode-jsonrpc\\lib\\common\\connection.js:493:41)","timestamp":"2024-08-26T22:49:22.738Z"}
{"level":"info","message":"⌛ Building environment","timeElapsed":164,"timestamp":"2024-08-26T22:49:22.915Z"}
{"level":"info","message":"⌛ Validating test.wtest","timeElapsed":199,"timestamp":"2024-08-26T22:49:23.132Z"}
{"level":"info","message":"onRequest - completionItem/resolve","timestamp":"2024-08-26T22:49:23.132Z"}
{"level":"info","message":"⌛ Building environment","timeElapsed":151,"timestamp":"2024-08-26T22:49:23.284Z"}
{"level":"info","message":"onRequest - completionItem/resolve","timestamp":"2024-08-26T22:49:23.286Z"}
{"level":"info","message":"⌛ Validating test.wtest","timeElapsed":198,"timestamp":"2024-08-26T22:49:23.486Z"}
{"level":"info","message":"⌛ Building environment","timeElapsed":179,"timestamp":"2024-08-26T22:49:23.665Z"}
{"level":"info","message":"⌛ Validating test.wtest","timeElapsed":258,"timestamp":"2024-08-26T22:49:23.958Z"}
{"level":"info","message":"⌛ Building environment","timeElapsed":198,"timestamp":"2024-08-26T22:49:24.158Z"}
{"level":"info","message":"⌛ Building environment","timeElapsed":170,"timestamp":"2024-08-26T22:49:24.351Z"}
{"level":"info","message":"⌛ Validating test.wtest","timeElapsed":171,"timestamp":"2024-08-26T22:49:24.523Z"}
{"level":"info","message":"onRequest - completionItem/resolve","timestamp":"2024-08-26T22:49:24.524Z"}
{"level":"info","message":"⌛ Building environment","timeElapsed":213,"timestamp":"2024-08-26T22:49:24.739Z"}
{"level":"info","message":"onRequest - completionItem/resolve","timestamp":"2024-08-26T22:49:24.739Z"}
{"level":"info","message":"⌛ Building environment","timeElapsed":171,"timestamp":"2024-08-26T22:49:24.911Z"}
{"level":"info","message":"onRequest - completionItem/resolve","timestamp":"2024-08-26T22:49:24.913Z"}
{"level":"info","message":"⌛ Building environment","timeElapsed":141,"timestamp":"2024-08-26T22:49:25.054Z"}
{"level":"info","message":"onRequest - completionItem/resolve","timestamp":"2024-08-26T22:49:25.056Z"}
{"level":"info","message":"⌛ Validating test.wtest","timeElapsed":219,"timestamp":"2024-08-26T22:49:25.276Z"}
{"level":"info","message":"⌛ Validating test.wtest","timeElapsed":300,"timestamp":"2024-08-26T22:49:25.645Z"}
{"level":"info","message":"⌛ Building environment","timeElapsed":215,"timestamp":"2024-08-26T22:49:25.886Z"}
{"level":"error","message":"✘ Completions for node failed: Error: [Send]{cff0ec} at test.wtest:15 exhausted all cases without a match [Send]{cff0ec} at test.wtest:15 exhausted all cases without a match","stack":"Error: [Send]{cff0ec} at test.wtest:15 exhausted all cases without a match\n    at c:\\Users\\publico\\.vscode\\extensions\\uqbar.wollok-lsp-ide-0.3.3\\node_modules\\wollok-ts\\dist\\extensions.js:85:11\n    at completionsForNode (c:\\Users\\publico\\.vscode\\extensions\\uqbar.wollok-lsp-ide-0.3.3\\server\\out\\functionalities\\autocomplete\\node-completion.js:10:44)\n    at completeForParent (c:\\Users\\publico\\.vscode\\extensions\\uqbar.wollok-lsp-ide-0.3.3\\server\\out\\functionalities\\autocomplete\\node-completion.js:56:43)\n    at completeReference (c:\\Users\\publico\\.vscode\\extensions\\uqbar.wollok-lsp-ide-0.3.3\\server\\out\\functionalities\\autocomplete\\node-completion.js:64:135)\n    at c:\\Users\\publico\\.vscode\\extensions\\uqbar.wollok-lsp-ide-0.3.3\\node_modules\\wollok-ts\\dist\\extensions.js:84:20\n    at completionsForNode (c:\\Users\\publico\\.vscode\\extensions\\uqbar.wollok-lsp-ide-0.3.3\\server\\out\\functionalities\\autocomplete\\node-completion.js:10:44)\n    at c:\\Users\\publico\\.vscode\\extensions\\uqbar.wollok-lsp-ide-0.3.3\\server\\out\\functionalities\\autocomplete\\autocomplete.js:26:154\n    at c:\\Users\\publico\\.vscode\\extensions\\uqbar.wollok-lsp-ide-0.3.3\\server\\out\\server.js:198:20\n    at c:\\Users\\publico\\.vscode\\extensions\\uqbar.wollok-lsp-ide-0.3.3\\server\\node_modules\\vscode-languageserver\\lib\\common\\server.js:593:20\n    at handleRequest (c:\\Users\\publico\\.vscode\\extensions\\uqbar.wollok-lsp-ide-0.3.3\\server\\node_modules\\vscode-jsonrpc\\lib\\common\\connection.js:493:41)","timestamp":"2024-08-26T22:49:25.960Z"}
{"level":"info","message":"⌛ Building environment","timeElapsed":145,"timestamp":"2024-08-26T22:49:26.116Z"}
{"level":"info","message":"⌛ Validating test.wtest","timeElapsed":165,"timestamp":"2024-08-26T22:49:26.299Z"}
{"level":"info","message":"⌛ Validating test.wtest","timeElapsed":177,"timestamp":"2024-08-26T22:49:26.476Z"}
{"level":"info","message":"⌛ Validating test.wtest","timeElapsed":167,"timestamp":"2024-08-26T22:49:26.643Z"}
{"level":"info","message":"⌛ Building environment","timeElapsed":159,"timestamp":"2024-08-26T22:49:26.814Z"}
{"level":"info","message":"⌛ Building environment","timeElapsed":166,"timestamp":"2024-08-26T22:49:26.983Z"}
{"level":"error","message":"✘ Completions for node failed: Error: [Send]{57ea77} at test.wtest:15 exhausted all cases without a match [Send]{57ea77} at test.wtest:15 exhausted all cases without a match","stack":"Error: [Send]{57ea77} at test.wtest:15 exhausted all cases without a match\n    at c:\\Users\\publico\\.vscode\\extensions\\uqbar.wollok-lsp-ide-0.3.3\\node_modules\\wollok-ts\\dist\\extensions.js:85:11\n    at completionsForNode (c:\\Users\\publico\\.vscode\\extensions\\uqbar.wollok-lsp-ide-0.3.3\\server\\out\\functionalities\\autocomplete\\node-completion.js:10:44)\n    at completeForParent (c:\\Users\\publico\\.vscode\\extensions\\uqbar.wollok-lsp-ide-0.3.3\\server\\out\\functionalities\\autocomplete\\node-completion.js:56:43)\n    at completeReference (c:\\Users\\publico\\.vscode\\extensions\\uqbar.wollok-lsp-ide-0.3.3\\server\\out\\functionalities\\autocomplete\\node-completion.js:64:135)\n    at c:\\Users\\publico\\.vscode\\extensions\\uqbar.wollok-lsp-ide-0.3.3\\node_modules\\wollok-ts\\dist\\extensions.js:84:20\n    at completionsForNode (c:\\Users\\publico\\.vscode\\extensions\\uqbar.wollok-lsp-ide-0.3.3\\server\\out\\functionalities\\autocomplete\\node-completion.js:10:44)\n    at c:\\Users\\publico\\.vscode\\extensions\\uqbar.wollok-lsp-ide-0.3.3\\server\\out\\functionalities\\autocomplete\\autocomplete.js:26:154\n    at c:\\Users\\publico\\.vscode\\extensions\\uqbar.wollok-lsp-ide-0.3.3\\server\\out\\server.js:198:20\n    at c:\\Users\\publico\\.vscode\\extensions\\uqbar.wollok-lsp-ide-0.3.3\\server\\node_modules\\vscode-languageserver\\lib\\common\\server.js:593:20\n    at handleRequest (c:\\Users\\publico\\.vscode\\extensions\\uqbar.wollok-lsp-ide-0.3.3\\server\\node_modules\\vscode-jsonrpc\\lib\\common\\connection.js:493:41)","timestamp":"2024-08-26T22:49:27.060Z"}
{"level":"info","message":"⌛ Building environment","timeElapsed":195,"timestamp":"2024-08-26T22:49:27.261Z"}
{"level":"info","message":"⌛ Building environment","timeElapsed":144,"timestamp":"2024-08-26T22:49:27.406Z"}
{"level":"info","message":"⌛ Building environment","timeElapsed":142,"timestamp":"2024-08-26T22:49:27.552Z"}
{"level":"info","message":"⌛ Validating test.wtest","timeElapsed":169,"timestamp":"2024-08-26T22:49:27.721Z"}
{"level":"info","message":"⌛ Building environment","timeElapsed":154,"timestamp":"2024-08-26T22:49:27.875Z"}
{"level":"info","message":"⌛ Validating test.wtest","timeElapsed":250,"timestamp":"2024-08-26T22:49:28.126Z"}
{"level":"info","message":"⌛ Validating test.wtest","timeElapsed":168,"timestamp":"2024-08-26T22:49:28.335Z"}
{"level":"info","message":"⌛ Validating test.wtest","timeElapsed":169,"timestamp":"2024-08-26T22:49:28.510Z"}
{"level":"info","message":"⌛ Building environment","timeElapsed":127,"timestamp":"2024-08-26T22:49:28.639Z"}
{"level":"info","message":"⌛ Validating test.wtest","timeElapsed":162,"timestamp":"2024-08-26T22:49:28.820Z"}
{"level":"info","message":"⌛ Validating test.wtest","timeElapsed":168,"timestamp":"2024-08-26T22:49:29.001Z"}
{"level":"info","message":"⌛ Validating test.wtest","timeElapsed":197,"timestamp":"2024-08-26T22:49:29.198Z"}
{"level":"info","message":"⌛ Building environment","timeElapsed":131,"timestamp":"2024-08-26T22:49:29.333Z"}
{"level":"info","message":"⌛ Validating test.wtest","timeElapsed":166,"timestamp":"2024-08-26T22:49:29.543Z"}
{"level":"info","message":"⌛ Building environment","timeElapsed":135,"timestamp":"2024-08-26T22:49:29.679Z"}
{"level":"info","message":"⌛ Building environment","timeElapsed":130,"timestamp":"2024-08-26T22:49:29.810Z"}
{"level":"info","message":"⌛ Validating test.wtest","timeElapsed":168,"timestamp":"2024-08-26T22:49:30.004Z"}
{"level":"info","message":"⌛ Validating test.wtest","timeElapsed":177,"timestamp":"2024-08-26T22:49:30.184Z"}
{"level":"info","message":"onRequest - completionItem/resolve","timestamp":"2024-08-26T22:49:30.184Z"}
{"level":"info","message":"⌛ Validating test.wtest","timeElapsed":205,"timestamp":"2024-08-26T22:49:30.389Z"}
{"level":"info","message":"⌛ Validating test.wtest","timeElapsed":170,"timestamp":"2024-08-26T22:49:30.559Z"}
{"level":"info","message":"⌛ Building environment","timeElapsed":297,"timestamp":"2024-08-26T22:49:34.327Z"}
{"level":"info","message":"⌛ Building environment","timeElapsed":270,"timestamp":"2024-08-26T22:49:34.597Z"}
{"level":"info","message":"⌛ Validating test.wtest","timeElapsed":240,"timestamp":"2024-08-26T22:49:34.838Z"}
{"level":"info","message":"⌛ Validating test.wtest","timeElapsed":465,"timestamp":"2024-08-26T22:49:35.314Z"}
{"failures":[{"error":["wollok.lib.AssertionException: Expected <90> but found <50>","  at test.\"Testeo\".\"Nibbles  y velocidad\" [test.wtest:14]"],"test":"test.\"Testeo\".\"Nibbles  y velocidad\""}],"level":"info","message":"🧪 Test runner executed on c:\\Users\\publico\\Desktop\\Wollok\\2024s2-tomyjerry-EliasR19","result":{"failed":1,"ok":0},"timeElapsed":1319,"timestamp":"2024-08-26T22:49:38.441Z"}
{"level":"error","message":"✘ Failed to rebuild document Failed to parse test.wtest: \n-- PARSING FAILED --------------------------------------------------\n\nGot the end of the input\n\nExpected one of the following: \n\n'@', 'const', 'method', 'only', 'override', 'test', 'var', '{', '}', any character/byte, comment, whitespace\n","stack":"Error: Failed to parse test.wtest: \n-- PARSING FAILED --------------------------------------------------\n\nGot the end of the input\n\nExpected one of the following: \n\n'@', 'const', 'method', 'only', 'override', 'test', 'var', '{', '}', any character/byte, comment, whitespace\n\n    at c:\\Users\\publico\\.vscode\\extensions\\uqbar.wollok-lsp-ide-0.3.3\\node_modules\\wollok-ts\\dist\\index.js:54:19\n    at Array.map (<anonymous>)\n    at buildEnvironment (c:\\Users\\publico\\.vscode\\extensions\\uqbar.wollok-lsp-ide-0.3.3\\node_modules\\wollok-ts\\dist\\index.js:49:40)\n    at EnvironmentProvider.buildEnvironmentFrom (c:\\Users\\publico\\.vscode\\extensions\\uqbar.wollok-lsp-ide-0.3.3\\server\\out\\utils\\vm\\environment.js:29:66)\n    at EnvironmentProvider.updateEnvironmentWith (c:\\Users\\publico\\.vscode\\extensions\\uqbar.wollok-lsp-ide-0.3.3\\server\\out\\utils\\vm\\environment.js:19:37)\n    at rebuildTextDocument (c:\\Users\\publico\\.vscode\\extensions\\uqbar.wollok-lsp-ide-0.3.3\\server\\out\\server.js:102:29)\n    at CallbackList.invoke (c:\\Users\\publico\\.vscode\\extensions\\uqbar.wollok-lsp-ide-0.3.3\\server\\node_modules\\vscode-jsonrpc\\lib\\common\\events.js:55:39)\n    at Emitter.fire (c:\\Users\\publico\\.vscode\\extensions\\uqbar.wollok-lsp-ide-0.3.3\\server\\node_modules\\vscode-jsonrpc\\lib\\common\\events.js:117:36)\n    at c:\\Users\\publico\\.vscode\\extensions\\uqbar.wollok-lsp-ide-0.3.3\\server\\node_modules\\vscode-languageserver\\lib\\common\\textDocuments.js:138:42\n    at handleNotification (c:\\Users\\publico\\.vscode\\extensions\\uqbar.wollok-lsp-ide-0.3.3\\server\\node_modules\\vscode-jsonrpc\\lib\\common\\connection.js:640:25)","timestamp":"2024-08-26T22:49:49.339Z"}
{"level":"error","message":"✘ Failed to rebuild document Failed to parse test.wtest: \n-- PARSING FAILED --------------------------------------------------\n\nGot the end of the input\n\nExpected one of the following: \n\n'@', 'const', 'method', 'only', 'override', 'test', 'var', '{', '}', any character/byte, comment, whitespace\n","stack":"Error: Failed to parse test.wtest: \n-- PARSING FAILED --------------------------------------------------\n\nGot the end of the input\n\nExpected one of the following: \n\n'@', 'const', 'method', 'only', 'override', 'test', 'var', '{', '}', any character/byte, comment, whitespace\n\n    at c:\\Users\\publico\\.vscode\\extensions\\uqbar.wollok-lsp-ide-0.3.3\\node_modules\\wollok-ts\\dist\\index.js:54:19\n    at Array.map (<anonymous>)\n    at buildEnvironment (c:\\Users\\publico\\.vscode\\extensions\\uqbar.wollok-lsp-ide-0.3.3\\node_modules\\wollok-ts\\dist\\index.js:49:40)\n    at EnvironmentProvider.buildEnvironmentFrom (c:\\Users\\publico\\.vscode\\extensions\\uqbar.wollok-lsp-ide-0.3.3\\server\\out\\utils\\vm\\environment.js:29:66)\n    at EnvironmentProvider.updateEnvironmentWith (c:\\Users\\publico\\.vscode\\extensions\\uqbar.wollok-lsp-ide-0.3.3\\server\\out\\utils\\vm\\environment.js:19:37)\n    at rebuildTextDocument (c:\\Users\\publico\\.vscode\\extensions\\uqbar.wollok-lsp-ide-0.3.3\\server\\out\\server.js:102:29)\n    at CallbackList.invoke (c:\\Users\\publico\\.vscode\\extensions\\uqbar.wollok-lsp-ide-0.3.3\\server\\node_modules\\vscode-jsonrpc\\lib\\common\\events.js:55:39)\n    at Emitter.fire (c:\\Users\\publico\\.vscode\\extensions\\uqbar.wollok-lsp-ide-0.3.3\\server\\node_modules\\vscode-jsonrpc\\lib\\common\\events.js:117:36)\n    at c:\\Users\\publico\\.vscode\\extensions\\uqbar.wollok-lsp-ide-0.3.3\\server\\node_modules\\vscode-languageserver\\lib\\common\\textDocuments.js:138:42\n    at handleNotification (c:\\Users\\publico\\.vscode\\extensions\\uqbar.wollok-lsp-ide-0.3.3\\server\\node_modules\\vscode-jsonrpc\\lib\\common\\connection.js:640:25)","timestamp":"2024-08-26T22:49:49.918Z"}
{"level":"info","message":"⌛ Building environment","timeElapsed":310,"timestamp":"2024-08-26T22:49:52.371Z"}
{"level":"info","message":"⌛ Validating test.wtest","timeElapsed":348,"timestamp":"2024-08-26T22:49:52.726Z"}
{"level":"info","message":"⌛ Building environment","timeElapsed":186,"timestamp":"2024-08-26T22:49:52.918Z"}
{"level":"info","message":"⌛ Validating test.wtest","timeElapsed":204,"timestamp":"2024-08-26T22:49:53.151Z"}
{"level":"info","message":"⌛ Building environment","timeElapsed":269,"timestamp":"2024-08-26T22:49:56.192Z"}
{"level":"info","message":"⌛ Validating test.wtest","timeElapsed":235,"timestamp":"2024-08-26T22:49:56.441Z"}
{"level":"info","message":"⌛ Building environment","timeElapsed":196,"timestamp":"2024-08-26T22:49:56.639Z"}
{"level":"info","message":"⌛ Validating test.wtest","timeElapsed":202,"timestamp":"2024-08-26T22:49:56.871Z"}
{"level":"info","message":"⌛ Building environment","timeElapsed":287,"timestamp":"2024-08-26T22:49:58.889Z"}
{"level":"info","message":"⌛ Building environment","timeElapsed":187,"timestamp":"2024-08-26T22:49:59.085Z"}
{"level":"info","message":"⌛ Validating test.wtest","timeElapsed":266,"timestamp":"2024-08-26T22:49:59.399Z"}
{"level":"info","message":"⌛ Validating test.wtest","timeElapsed":214,"timestamp":"2024-08-26T22:49:59.647Z"}
{"failures":[],"level":"info","message":"🧪 Test runner executed on c:\\Users\\publico\\Desktop\\Wollok\\2024s2-tomyjerry-EliasR19","result":{"failed":0,"ok":1},"timeElapsed":997,"timestamp":"2024-08-26T22:50:06.168Z"}
{"failures":[],"level":"info","message":"🧪 Test runner executed on c:\\Users\\publico\\Desktop\\Wollok\\2024s2-tomyjerry-EliasR19","result":{"failed":0,"ok":1},"timeElapsed":1976,"timestamp":"2024-08-26T22:50:13.768Z"}
{"level":"info","message":"⌛ Building environment","timeElapsed":292,"timestamp":"2024-08-26T22:52:18.725Z"}
{"level":"info","message":"⌛ Building environment","timeElapsed":180,"timestamp":"2024-08-26T22:52:18.919Z"}
{"level":"info","message":"⌛ Validating tomyjerry.wlk","timeElapsed":356,"timestamp":"2024-08-26T22:52:19.277Z"}
{"level":"info","message":"⌛ Validating tomyjerry.wlk","timeElapsed":323,"timestamp":"2024-08-26T22:52:19.611Z"}
{"level":"info","message":"⌛ Building environment","timeElapsed":435,"timestamp":"2024-08-26T22:52:20.047Z"}
{"level":"info","message":"⌛ Building environment","timeElapsed":362,"timestamp":"2024-08-26T22:52:20.435Z"}
{"level":"info","message":"⌛ Building environment","timeElapsed":322,"timestamp":"2024-08-26T22:52:20.758Z"}
{"level":"info","message":"⌛ Building environment","timeElapsed":317,"timestamp":"2024-08-26T22:52:21.077Z"}
{"level":"info","message":"⌛ Building environment","timeElapsed":319,"timestamp":"2024-08-26T22:52:21.398Z"}
{"level":"info","message":"⌛ Building environment","timeElapsed":263,"timestamp":"2024-08-26T22:52:21.663Z"}
{"level":"info","message":"⌛ Building environment","timeElapsed":717,"timestamp":"2024-08-26T22:52:22.454Z"}
{"level":"info","message":"⌛ Building environment","timeElapsed":293,"timestamp":"2024-08-26T22:52:22.783Z"}
{"level":"info","message":"⌛ Building environment","timeElapsed":246,"timestamp":"2024-08-26T22:52:23.032Z"}
{"level":"info","message":"⌛ Building environment","timeElapsed":202,"timestamp":"2024-08-26T22:52:23.235Z"}
{"level":"info","message":"⌛ Validating tomyjerry.wlk","timeElapsed":320,"timestamp":"2024-08-26T22:52:23.557Z"}
{"level":"info","message":"⌛ Validating tomyjerry.wlk","timeElapsed":480,"timestamp":"2024-08-26T22:52:24.037Z"}
{"level":"info","message":"⌛ Validating tomyjerry.wlk","timeElapsed":679,"timestamp":"2024-08-26T22:52:24.766Z"}
{"level":"info","message":"⌛ Validating tomyjerry.wlk","timeElapsed":298,"timestamp":"2024-08-26T22:52:25.069Z"}
{"level":"info","message":"⌛ Validating tomyjerry.wlk","timeElapsed":229,"timestamp":"2024-08-26T22:52:25.299Z"}
{"level":"info","message":"⌛ Validating tomyjerry.wlk","timeElapsed":188,"timestamp":"2024-08-26T22:52:25.488Z"}
{"level":"info","message":"⌛ Validating tomyjerry.wlk","timeElapsed":179,"timestamp":"2024-08-26T22:52:25.667Z"}
{"level":"info","message":"⌛ Validating tomyjerry.wlk","timeElapsed":250,"timestamp":"2024-08-26T22:52:25.917Z"}
{"level":"info","message":"⌛ Validating tomyjerry.wlk","timeElapsed":221,"timestamp":"2024-08-26T22:52:26.141Z"}
{"level":"info","message":"⌛ Validating tomyjerry.wlk","timeElapsed":251,"timestamp":"2024-08-26T22:52:26.396Z"}
{"level":"info","message":"⌛ Building environment","timeElapsed":169,"timestamp":"2024-08-26T22:52:26.565Z"}
{"level":"info","message":"⌛ Building environment","timeElapsed":202,"timestamp":"2024-08-26T22:52:26.785Z"}
{"level":"info","message":"⌛ Building environment","timeElapsed":124,"timestamp":"2024-08-26T22:52:26.931Z"}
{"level":"info","message":"⌛ Building environment","timeElapsed":126,"timestamp":"2024-08-26T22:52:27.078Z"}
{"level":"info","message":"⌛ Building environment","timeElapsed":129,"timestamp":"2024-08-26T22:52:27.221Z"}
{"level":"info","message":"⌛ Building environment","timeElapsed":144,"timestamp":"2024-08-26T22:52:27.382Z"}
{"level":"info","message":"⌛ Building environment","timeElapsed":150,"timestamp":"2024-08-26T22:52:27.569Z"}
{"level":"info","message":"⌛ Building environment","timeElapsed":158,"timestamp":"2024-08-26T22:52:27.770Z"}
{"level":"info","message":"⌛ Building environment","timeElapsed":141,"timestamp":"2024-08-26T22:52:27.930Z"}
{"level":"info","message":"⌛ Building environment","timeElapsed":120,"timestamp":"2024-08-26T22:52:28.068Z"}
{"level":"info","message":"⌛ Building environment","timeElapsed":238,"timestamp":"2024-08-26T22:52:28.333Z"}
{"level":"info","message":"⌛ Building environment","timeElapsed":159,"timestamp":"2024-08-26T22:52:28.519Z"}
{"level":"info","message":"⌛ Building environment","timeElapsed":299,"timestamp":"2024-08-26T22:52:28.846Z"}
{"level":"info","message":"⌛ Building environment","timeElapsed":584,"timestamp":"2024-08-26T22:52:29.487Z"}
{"level":"info","message":"⌛ Building environment","timeElapsed":344,"timestamp":"2024-08-26T22:52:29.850Z"}
{"level":"info","message":"⌛ Building environment","timeElapsed":297,"timestamp":"2024-08-26T22:52:30.199Z"}
{"level":"info","message":"⌛ Building environment","timeElapsed":308,"timestamp":"2024-08-26T22:52:30.535Z"}
{"level":"info","message":"⌛ Validating test.wtest","timeElapsed":413,"timestamp":"2024-08-26T22:52:30.973Z"}
{"level":"info","message":"⌛ Building environment","timeElapsed":356,"timestamp":"2024-08-26T22:52:31.333Z"}
{"level":"info","message":"⌛ Validating test.wtest","timeElapsed":495,"timestamp":"2024-08-26T22:52:31.854Z"}
{"level":"info","message":"⌛ Validating test.wtest","timeElapsed":406,"timestamp":"2024-08-26T22:52:32.261Z"}
{"level":"info","message":"⌛ Validating test.wtest","timeElapsed":588,"timestamp":"2024-08-26T22:52:32.859Z"}
{"level":"info","message":"⌛ Validating test.wtest","timeElapsed":480,"timestamp":"2024-08-26T22:52:33.340Z"}
{"level":"info","message":"⌛ Building environment","timeElapsed":307,"timestamp":"2024-08-26T22:52:33.649Z"}
{"level":"info","message":"⌛ Validating test.wtest","timeElapsed":399,"timestamp":"2024-08-26T22:52:34.049Z"}
{"level":"info","message":"⌛ Building environment","timeElapsed":278,"timestamp":"2024-08-26T22:52:34.327Z"}
{"level":"info","message":"⌛ Validating test.wtest","timeElapsed":356,"timestamp":"2024-08-26T22:52:34.684Z"}
{"level":"info","message":"⌛ Building environment","timeElapsed":361,"timestamp":"2024-08-26T22:52:35.046Z"}
{"level":"info","message":"⌛ Building environment","timeElapsed":342,"timestamp":"2024-08-26T22:52:35.414Z"}
{"level":"info","message":"⌛ Validating test.wtest","timeElapsed":1248,"timestamp":"2024-08-26T22:52:36.663Z"}
{"level":"info","message":"⌛ Validating test.wtest","timeElapsed":454,"timestamp":"2024-08-26T22:52:37.128Z"}
{"level":"info","message":"⌛ Validating test.wtest","timeElapsed":445,"timestamp":"2024-08-26T22:52:37.573Z"}
{"level":"info","message":"⌛ Validating test.wtest","timeElapsed":427,"timestamp":"2024-08-26T22:52:38.000Z"}
{"level":"info","message":"⌛ Validating test.wtest","timeElapsed":358,"timestamp":"2024-08-26T22:52:38.362Z"}
{"level":"info","message":"⌛ Validating test.wtest","timeElapsed":563,"timestamp":"2024-08-26T22:52:38.996Z"}
{"level":"info","message":"⌛ Validating test.wtest","timeElapsed":351,"timestamp":"2024-08-26T22:52:39.346Z"}
{"level":"info","message":"⌛ Validating test.wtest","timeElapsed":288,"timestamp":"2024-08-26T22:52:39.637Z"}
{"level":"info","message":"⌛ Validating test.wtest","timeElapsed":259,"timestamp":"2024-08-26T22:52:39.895Z"}
{"level":"info","message":"⌛ Validating test.wtest","timeElapsed":255,"timestamp":"2024-08-26T22:52:40.151Z"}
{"level":"info","message":"⌛ Validating test.wtest","timeElapsed":241,"timestamp":"2024-08-26T22:52:40.393Z"}
{"level":"info","message":"⌛ Validating test.wtest","timeElapsed":264,"timestamp":"2024-08-26T22:52:40.658Z"}
{"level":"info","message":"⌛ Validating test.wtest","timeElapsed":246,"timestamp":"2024-08-26T22:52:40.907Z"}
{"level":"info","message":"⌛ Validating test.wtest","timeElapsed":153,"timestamp":"2024-08-26T22:52:41.061Z"}
{"level":"info","message":"⌛ Validating test.wtest","timeElapsed":211,"timestamp":"2024-08-26T22:52:41.273Z"}
{"level":"info","message":"⌛ Building environment","timeElapsed":379,"timestamp":"2024-08-26T22:54:37.798Z"}
{"level":"info","message":"⌛ Validating test.wtest","timeElapsed":240,"timestamp":"2024-08-26T22:54:38.050Z"}
{"level":"info","message":"⌛ Building environment","timeElapsed":300,"timestamp":"2024-08-26T22:54:40.752Z"}
{"level":"info","message":"⌛ Validating tomyjerry.wlk","timeElapsed":266,"timestamp":"2024-08-26T22:54:41.039Z"}
